<?xml version="1.0" encoding="UTF-8"?>
<!-- Generated by org.testng.reporters.JUnitReportReporter -->
<testsuite hostname="LAPTOP-833PJ8RO" failures="0" tests="2" name="Tests.Test1" time="23.941" errors="0" timestamp="2023-02-15T17:54:46 GMT-05:00" skipped="0">
  <testcase classname="Tests.Test1" name="ProductErrorValidation" time="13.863"/>
  <system-out/>
  <testcase classname="Tests.Test1" name="LoginErrorValidation" time="10.078"/>
  <system-out/>
</testsuite> <!-- Tests.Test1 -->
