<?xml version="1.0" encoding="UTF-8"?>
<!-- Generated by org.testng.reporters.JUnitReportReporter -->
<testsuite hostname="LAPTOP-833PJ8RO" failures="0" tests="1" name="tests.complexJsonParse" time="1.714" errors="0" timestamp="2023-02-28T16:51:41 GMT-05:00" skipped="0">
  <testcase classname="tests.complexJsonParse" name="sumOfCourses" time="1.714"/>
  <system-out/>
</testsuite> <!-- tests.complexJsonParse -->
