<?xml version="1.0" encoding="UTF-8"?>
<!-- Generated by org.testng.reporters.JUnitReportReporter -->
<testsuite hostname="LAPTOP-833PJ8RO" failures="0" tests="3" name="tests.LibraryApi" time="5.898" errors="0" timestamp="2023-03-02T14:38:12 GMT-05:00" skipped="0">
  <testcase classname="tests.LibraryApi" name="addBook" time="0.997"/>
  <system-out/>
  <testcase classname="tests.LibraryApi" name="addBook" time="0.916"/>
  <system-out/>
  <testcase classname="tests.LibraryApi" name="addBook" time="3.985"/>
  <system-out/>
</testsuite> <!-- tests.LibraryApi -->
