<?xml version="1.0" encoding="UTF-8"?>
<!-- Generated by org.testng.reporters.JUnitReportReporter -->
<testsuite hostname="LAPTOP-833PJ8RO" failures="0" tests="1" name="basic.test3" time="0.001" errors="0" timestamp="2022-10-12T21:48:19 GMT-04:00" skipped="0">
  <testcase classname="basic.test3" name="mobilecarloan" time="0.001"/>
  <system-out/>
</testsuite> <!-- basic.test3 -->
