<?xml version="1.0" encoding="UTF-8"?>
<!-- Generated by org.testng.reporters.JUnitReportReporter -->
<testsuite hostname="LAPTOP-833PJ8RO" failures="0" tests="2" name="basic.test2" time="0.011" errors="0" timestamp="2022-10-12T21:48:19 GMT-04:00" skipped="0">
  <testcase classname="basic.test2" name="sheLog" time="0.009"/>
  <system-out/>
  <testcase classname="basic.test2" name="sheOut" time="0.002"/>
  <system-out/>
</testsuite> <!-- basic.test2 -->
